<?xml version="1.0" encoding="UTF-8"?>
<testng-results ignored="0" total="2" passed="2" failed="0" skipped="0">
  <reporter-output>
  </reporter-output>
  <suite started-at="2022-07-18T16:42:22 IST" name="Default suite" finished-at="2022-07-18T16:42:22 IST" duration-ms="47">
    <groups>
    </groups>
    <test started-at="2022-07-18T16:42:22 IST" name="Default test" finished-at="2022-07-18T16:42:22 IST" duration-ms="47">
      <class name="com.mavenexample.MavenTest">
        <test-method signature="cureTest()[pri:0, instance:com.mavenexample.MavenTest@6da21078]" started-at="2022-07-18T16:42:22 IST" name="cureTest" finished-at="2022-07-18T16:42:22 IST" duration-ms="6" status="PASS">
          <reporter-output>
          </reporter-output>
        </test-method> <!-- cureTest -->
        <test-method signature="cureTest1()[pri:0, instance:com.mavenexample.MavenTest@6da21078]" started-at="2022-07-18T16:42:22 IST" name="cureTest1" finished-at="2022-07-18T16:42:22 IST" duration-ms="1" status="PASS">
          <reporter-output>
          </reporter-output>
        </test-method> <!-- cureTest1 -->
      </class> <!-- com.mavenexample.MavenTest -->
    </test> <!-- Default test -->
  </suite> <!-- Default suite -->
</testng-results>
